lab9                                                                                                                    PAGE 1
                         1     ;               .-------------------------------.
                         2     ;               |   Czekaj Bartłomiej 307336    |
                         3     ;               |     Sztandur Kamil 307354     |
                         4     ;               *-------------------------------*
                         5
                         6     ORG 0000h
0000 020022              7             ljmp init                       ; Inicjalizuj licznik
                         8     ORG 0003h                               ; Wektor przerwania INT0
0003 120011              9             lcall keyboard_interruption     ; przerwanie z portu 3 bit 2
0006 32                 10             RETI
                        11     ORG 000Bh                               ; Wektor przerwania T0
000B 120014             12             lcall reload_T0
000E 020056             13             ljmp check_status               ; Obsłużenie przerwania od T0
                        14
                        15
                        16     keyboard_interruption:
0011 30B22F             17             JNB P3.2, reset_counter         ; Reset licznika jeśli pin 2 zwarty do masy
                        18
                        19     reload_T0:
0014 758AD2             20             MOV TL0, #0D2h                  ; | Zresetowanie wartości timera
0017 758CFF             21             MOV TH0, #0FFh                  ; |
001A 22                 22             RET
                        23     set_timer_delay:
001B 758A00             24             MOV TL0, #000h                  ; | ustawienie opóźnienia na wyświetlenie wylosowanej cyfry
001E 758CFF             25             MOV TH0, #0FFh                  ; |
0021 22                 26             RET
                        27
                        28     init:
0022 75A800             29             MOV IE, #0h                     ; Wyłączenie wszystkich przerwań
0025 C28C               30             CLR TR0                         ; Zatrzymanie timera T0
0027 C28D               31             CLR TF0                         ; Wyzerowanie flagi przepełnienia
0029 758911             32             MOV TMOD, #17                   ; Inicjalizacja timera T0
002C 120014             33             lcall reload_T0                 ; Ustawienie wartości timera
002F 75B804             34             MOV IP, #4h                     ; Ustawienie priorytetu przerwań
0032 75A883             35             MOV IE, #83h                    ; Odblokuj przerwania timera T0 i klawiatury(port 3.2)
0035 903000             36             MOV DPTR, #3000h                ; Ustaw indeks początkowy
0038 120043             37             lcall reset_counter
003B D28C               38             SETB TR0                        ; Uruchomienie odliczania
003D D28E               39             SETB TR1
003F D289               40             SETB IE0                        ; Uruchomienie przerwań od klawiatury
                        41
0041 80FE               42     main:   sjmp main                       ; Nieskończona pętla (czeka na przerwanie)
                        43
                        44     reset_counter:
0043 753000             45             MOV 30h, #0h                    ; Reset rejestru liczącego jedności
0046 753100             46             MOV 31h, #0h                    ; Reset rejestru liczącego dziesiątki
0049 75A0C0             47             MOV P2, #11000000b              ; Wyświetl znak "0" na wyświetlaczu dziesiątek
004C 7590C0             48             MOV P1, #11000000b              ; Wyświetl znak "0" na wyświetlaczu jedności
004F E4                 49             CLR A
0050 7900               50             MOV R1, #0
0052 30B2EE             51             JNB P3.2, reset_counter
0055 22                 52             RET
                        53
                        54     check_status:
0056 20B106             55             JB P3.1, check_if_R0_is_one
0059 7801               56             MOV R0, #1
005B 120087             57             lcall display_saved_number
005E 32                 58             RETI
                        59
                        60     check_if_R0_is_one:
005F B80004             61             CJNE R0, #0, get_random_number
0062 120087             62             lcall display_saved_number
0065 32                 63             RETI
                        64
                        65     get_random_number:
0066 E58B               66             MOV A, TL1
0068 75F006             67             MOV B, #6
006B 84                 68             DIV AB
006C 7401               69             MOV A, #1
006E 25F0               70             ADD A, B
0070 F5F0               71             MOV B, A
0072 7800               72             MOV R0, #0
0074 120078             73             lcall display_random_number
0077 32                 74             RETI
                        75
                        76     display_random_number:
0078 E5F0               77             MOV A, B                        ; Pobierz losową liczbę binarną odpowiadającą cyfrze
007A 93                 78             MOVC A, @A+DPTR                 ; Pobierz sekwencję bitów szukanej cyfry do A
007B F590               79             MOV P1, A                       ; Wyświetl cyfrę jedności
007D 75A0C0             80             MOV P2, #11000000b              ; Wyświetl znak "0" na wyświetlaczu dziesiątek
0080 12001B             81             lcall set_timer_delay
0083 120092             82             lcall add_number_to_sum
0086 22                 83             RET
                        84
                        85     display_saved_number:
0087 E530               86             MOV A, 30h                      ; Pobierz liczbę binarną odpowiadającą cyfrze
0089 93                 87             MOVC A, @A+DPTR                 ; Pobierz sekwencję bitów szukanej cyfry do A
008A F590               88             MOV P1, A                       ; Wyświetl nową cyfrę jedności
008C E531               89             MOV A, 31h                      ; Pobierz liczbę binarną odpowiadającą cyfrze
008E 93                 90             MOVC A, @A+DPTR                 ; Pobierz sekwencję bitów szukanej cyfry do A
008F F5A0               91             MOV P2, A                       ; Wyświetl nową cyfrę dziesiątek
0091 22                 92             RET
                        93
                        94     add_number_to_sum:
0092 E9                 95             MOV A, R1
0093 25F0               96             ADD A, B
0095 F9                 97             MOV R1, A
0096 75F00A             98             MOV B, #10
0099 84                 99             DIV AB
009A B40A04            100             CJNE A, #10, not_overflowed
009D 1200A7            101             lcall overflowed
00A0 22                102             RET
                       103     not_overflowed:
00A1 85F030            104             MOV 30h, B
00A4 F531              105             MOV 31h, A
00A6 22                106             RET
                       107
                       108     overflowed:
00A7 120043            109             lcall reset_counter             ; Całkowity reset licznika
00AA 22                110             RET                             ; Powrót z przerwania
                       111
                       112     ORG 3000h ; Tablica przechowująca właściwe sekwencje bitów dla znaków wyświetlacza
3000 C0                113             DB 11000000b ;0
3001 F9                114             DB 11111001b ;1
3002 A4                115             DB 10100100b ;2
3003 B0                116             DB 10110000b ;3
3004 99                117             DB 10011001b ;4
3005 92                118             DB 10010010b ;5
3006 82                119             DB 10000010b ;6
3007 F8                120             DB 11111000b ;7
3008 80                121             DB 10000000b ;8
3009 90                122             DB 10010000b ;9
                       123
                       124     END
ASSEMBLY COMPLETE, NO ERRORS FOUND, NO WARNINGS


SYMBOL TABLE:
??MCU_8051_IDE . . . . . . . . . . .  N  NUMB  8051H  NOT USED
??VERSION. . . . . . . . . . . . . .  N  NUMB  0149H  NOT USED
AC . . . . . . . . . . . . . . . . .  B  ADDR  00D6H  NOT USED
ACC. . . . . . . . . . . . . . . . .  D  ADDR  00E0H  NOT USED
ACSR . . . . . . . . . . . . . . . .  D  ADDR  0097H  NOT USED
ADCF . . . . . . . . . . . . . . . .  D  ADDR  00F6H  NOT USED
ADCLK. . . . . . . . . . . . . . . .  D  ADDR  00F2H  NOT USED
ADCON. . . . . . . . . . . . . . . .  D  ADDR  00F3H  NOT USED
ADDH . . . . . . . . . . . . . . . .  D  ADDR  00F5H  NOT USED
ADDL . . . . . . . . . . . . . . . .  D  ADDR  00F4H  NOT USED
ADD_NUMBER_TO_SUM. . . . . . . . . .  C  ADDR  0092H
AUXR . . . . . . . . . . . . . . . .  D  ADDR  008EH  NOT USED
AUXR1. . . . . . . . . . . . . . . .  D  ADDR  00A2H  NOT USED
B. . . . . . . . . . . . . . . . . .  D  ADDR  00F0H
BDRCON . . . . . . . . . . . . . . .  D  ADDR  009BH  NOT USED
BDRCON_1 . . . . . . . . . . . . . .  D  ADDR  009CH  NOT USED
BRL. . . . . . . . . . . . . . . . .  D  ADDR  009AH  NOT USED
CCAP0H . . . . . . . . . . . . . . .  D  ADDR  00FAH  NOT USED
CCAP0L . . . . . . . . . . . . . . .  D  ADDR  00EAH  NOT USED
CCAP1H . . . . . . . . . . . . . . .  D  ADDR  00FBH  NOT USED
CCAP1L . . . . . . . . . . . . . . .  D  ADDR  00EBH  NOT USED
CCAP2H . . . . . . . . . . . . . . .  D  ADDR  00FCH  NOT USED
CCAP3H . . . . . . . . . . . . . . .  D  ADDR  00FDH  NOT USED
CCAP4H . . . . . . . . . . . . . . .  D  ADDR  00FEH  NOT USED
CCAPL2H. . . . . . . . . . . . . . .  D  ADDR  00FCH  NOT USED
CCAPL2L. . . . . . . . . . . . . . .  D  ADDR  00ECH  NOT USED
CCAPL3H. . . . . . . . . . . . . . .  D  ADDR  00FDH  NOT USED
CCAPL3L. . . . . . . . . . . . . . .  D  ADDR  00EDH  NOT USED
CCAPL4H. . . . . . . . . . . . . . .  D  ADDR  00FEH  NOT USED
CCAPL4L. . . . . . . . . . . . . . .  D  ADDR  00EEH  NOT USED
CCAPM0 . . . . . . . . . . . . . . .  D  ADDR  00DAH  NOT USED
CCAPM1 . . . . . . . . . . . . . . .  D  ADDR  00DBH  NOT USED
CCAPM2 . . . . . . . . . . . . . . .  D  ADDR  00DCH  NOT USED
CCAPM3 . . . . . . . . . . . . . . .  D  ADDR  00DDH  NOT USED
CCAPM4 . . . . . . . . . . . . . . .  D  ADDR  00DEH  NOT USED
CCF0 . . . . . . . . . . . . . . . .  B  ADDR  00D8H  NOT USED
CCF1 . . . . . . . . . . . . . . . .  B  ADDR  00D9H  NOT USED
CCF2 . . . . . . . . . . . . . . . .  B  ADDR  00DAH  NOT USED
CCF3 . . . . . . . . . . . . . . . .  B  ADDR  00DBH  NOT USED
CCF4 . . . . . . . . . . . . . . . .  B  ADDR  00DCH  NOT USED
CCON . . . . . . . . . . . . . . . .  D  ADDR  00D8H  NOT USED
CFINT. . . . . . . . . . . . . . . .  C  ADDR  0033H  NOT USED
CH . . . . . . . . . . . . . . . . .  D  ADDR  00F9H  NOT USED
CHECK_IF_R0_IS_ONE . . . . . . . . .  C  ADDR  005FH
CHECK_STATUS . . . . . . . . . . . .  C  ADDR  0056H
CKCON. . . . . . . . . . . . . . . .  D  ADDR  008FH  NOT USED
CKCON0 . . . . . . . . . . . . . . .  D  ADDR  008FH  NOT USED
CKRL . . . . . . . . . . . . . . . .  D  ADDR  0097H  NOT USED
CKSEL. . . . . . . . . . . . . . . .  D  ADDR  0085H  NOT USED
CL . . . . . . . . . . . . . . . . .  D  ADDR  00E9H  NOT USED
CLKREG . . . . . . . . . . . . . . .  D  ADDR  008FH  NOT USED
CMOD . . . . . . . . . . . . . . . .  D  ADDR  00D9H  NOT USED
CPRL2. . . . . . . . . . . . . . . .  B  ADDR  00C8H  NOT USED
CR . . . . . . . . . . . . . . . . .  B  ADDR  00DEH  NOT USED
CT2. . . . . . . . . . . . . . . . .  B  ADDR  00C9H  NOT USED
CY . . . . . . . . . . . . . . . . .  B  ADDR  00D7H  NOT USED
DISPLAY_RANDOM_NUMBER. . . . . . . .  C  ADDR  0078H
DISPLAY_SAVED_NUMBER . . . . . . . .  C  ADDR  0087H
DP0H . . . . . . . . . . . . . . . .  D  ADDR  0083H  NOT USED
DP0L . . . . . . . . . . . . . . . .  D  ADDR  0082H  NOT USED
DP1H . . . . . . . . . . . . . . . .  D  ADDR  0085H  NOT USED
DP1L . . . . . . . . . . . . . . . .  D  ADDR  0084H  NOT USED
DPH. . . . . . . . . . . . . . . . .  D  ADDR  0083H  NOT USED
DPL. . . . . . . . . . . . . . . . .  D  ADDR  0082H  NOT USED
EA . . . . . . . . . . . . . . . . .  B  ADDR  00AFH  NOT USED
EC . . . . . . . . . . . . . . . . .  B  ADDR  00AEH  NOT USED
EECON. . . . . . . . . . . . . . . .  D  ADDR  0096H  NOT USED
ES . . . . . . . . . . . . . . . . .  B  ADDR  00ACH  NOT USED
ET0. . . . . . . . . . . . . . . . .  B  ADDR  00A9H  NOT USED
ET1. . . . . . . . . . . . . . . . .  B  ADDR  00ABH  NOT USED
ET2. . . . . . . . . . . . . . . . .  B  ADDR  00ADH  NOT USED
EX0. . . . . . . . . . . . . . . . .  B  ADDR  00A8H  NOT USED
EX1. . . . . . . . . . . . . . . . .  B  ADDR  00AAH  NOT USED
EXEN2. . . . . . . . . . . . . . . .  B  ADDR  00CBH  NOT USED
EXF2 . . . . . . . . . . . . . . . .  B  ADDR  00CEH  NOT USED
EXTI0. . . . . . . . . . . . . . . .  C  ADDR  0003H  NOT USED
EXTI1. . . . . . . . . . . . . . . .  C  ADDR  0013H  NOT USED
F0 . . . . . . . . . . . . . . . . .  B  ADDR  00D5H  NOT USED
FE . . . . . . . . . . . . . . . . .  B  ADDR  009FH  NOT USED
GET_RANDOM_NUMBER. . . . . . . . . .  C  ADDR  0066H
IE . . . . . . . . . . . . . . . . .  D  ADDR  00A8H
IE0. . . . . . . . . . . . . . . . .  B  ADDR  0089H
IE1. . . . . . . . . . . . . . . . .  B  ADDR  008BH  NOT USED
INIT . . . . . . . . . . . . . . . .  C  ADDR  0022H
INT0 . . . . . . . . . . . . . . . .  B  ADDR  00B2H  NOT USED
INT1 . . . . . . . . . . . . . . . .  B  ADDR  00B3H  NOT USED
IP . . . . . . . . . . . . . . . . .  D  ADDR  00B8H
IPH. . . . . . . . . . . . . . . . .  D  ADDR  00B7H  NOT USED
IPH0 . . . . . . . . . . . . . . . .  D  ADDR  00B7H  NOT USED
IPH1 . . . . . . . . . . . . . . . .  D  ADDR  00B3H  NOT USED
IPL0 . . . . . . . . . . . . . . . .  D  ADDR  00B8H  NOT USED
IPL1 . . . . . . . . . . . . . . . .  D  ADDR  00B2H  NOT USED
IT0. . . . . . . . . . . . . . . . .  B  ADDR  0088H  NOT USED
IT1. . . . . . . . . . . . . . . . .  B  ADDR  008AH  NOT USED
KBE. . . . . . . . . . . . . . . . .  D  ADDR  009DH  NOT USED
KBF. . . . . . . . . . . . . . . . .  D  ADDR  009EH  NOT USED
KBLS . . . . . . . . . . . . . . . .  D  ADDR  009CH  NOT USED
KEYBOARD_INTERRUPTION. . . . . . . .  C  ADDR  0011H
MAIN . . . . . . . . . . . . . . . .  C  ADDR  0041H
NOT_OVERFLOWED . . . . . . . . . . .  C  ADDR  00A1H
OSCCON . . . . . . . . . . . . . . .  D  ADDR  0086H  NOT USED
OV . . . . . . . . . . . . . . . . .  B  ADDR  00D2H  NOT USED
OVERFLOWED . . . . . . . . . . . . .  C  ADDR  00A7H
P. . . . . . . . . . . . . . . . . .  B  ADDR  00D0H  NOT USED
P0 . . . . . . . . . . . . . . . . .  D  ADDR  0080H  NOT USED
P1 . . . . . . . . . . . . . . . . .  D  ADDR  0090H
P1M1 . . . . . . . . . . . . . . . .  D  ADDR  00D4H  NOT USED
P1M2 . . . . . . . . . . . . . . . .  D  ADDR  00E2H  NOT USED
P2 . . . . . . . . . . . . . . . . .  D  ADDR  00A0H
P3 . . . . . . . . . . . . . . . . .  D  ADDR  00B0H
P3M1 . . . . . . . . . . . . . . . .  D  ADDR  00D5H  NOT USED
P3M2 . . . . . . . . . . . . . . . .  D  ADDR  00E3H  NOT USED
P4 . . . . . . . . . . . . . . . . .  D  ADDR  00C0H  NOT USED
P4M1 . . . . . . . . . . . . . . . .  D  ADDR  00D6H  NOT USED
P4M2 . . . . . . . . . . . . . . . .  D  ADDR  00E4H  NOT USED
P5 . . . . . . . . . . . . . . . . .  D  ADDR  00E8H  NOT USED
PC . . . . . . . . . . . . . . . . .  B  ADDR  00BEH  NOT USED
PCON . . . . . . . . . . . . . . . .  D  ADDR  0087H  NOT USED
PPCL . . . . . . . . . . . . . . . .  B  ADDR  00BEH  NOT USED
PS . . . . . . . . . . . . . . . . .  B  ADDR  00BCH  NOT USED
PSL. . . . . . . . . . . . . . . . .  B  ADDR  00BCH  NOT USED
PSW. . . . . . . . . . . . . . . . .  D  ADDR  00D0H  NOT USED
PT0. . . . . . . . . . . . . . . . .  B  ADDR  00B9H  NOT USED
PT0L . . . . . . . . . . . . . . . .  B  ADDR  00B9H  NOT USED
PT1. . . . . . . . . . . . . . . . .  B  ADDR  00BBH  NOT USED
PT1L . . . . . . . . . . . . . . . .  B  ADDR  00BBH  NOT USED
PT2. . . . . . . . . . . . . . . . .  B  ADDR  00BDH  NOT USED
PT2L . . . . . . . . . . . . . . . .  B  ADDR  00BDH  NOT USED
PX0. . . . . . . . . . . . . . . . .  B  ADDR  00B8H  NOT USED
PX0L . . . . . . . . . . . . . . . .  B  ADDR  00B8H  NOT USED
PX1. . . . . . . . . . . . . . . . .  B  ADDR  00BAH  NOT USED
PX1L . . . . . . . . . . . . . . . .  B  ADDR  00BAH  NOT USED
RB8. . . . . . . . . . . . . . . . .  B  ADDR  009AH  NOT USED
RCAP2H . . . . . . . . . . . . . . .  D  ADDR  00CBH  NOT USED
RCAP2L . . . . . . . . . . . . . . .  D  ADDR  00CAH  NOT USED
RCLK . . . . . . . . . . . . . . . .  B  ADDR  00CDH  NOT USED
RD . . . . . . . . . . . . . . . . .  B  ADDR  00B7H  NOT USED
RELOAD_T0. . . . . . . . . . . . . .  C  ADDR  0014H
REN. . . . . . . . . . . . . . . . .  B  ADDR  009CH  NOT USED
RESET. . . . . . . . . . . . . . . .  C  ADDR  0000H  NOT USED
RESET_COUNTER. . . . . . . . . . . .  C  ADDR  0043H
RI . . . . . . . . . . . . . . . . .  B  ADDR  0098H  NOT USED
RS0. . . . . . . . . . . . . . . . .  B  ADDR  00D3H  NOT USED
RS1. . . . . . . . . . . . . . . . .  B  ADDR  00D4H  NOT USED
RXD. . . . . . . . . . . . . . . . .  B  ADDR  00B0H  NOT USED
SADDR. . . . . . . . . . . . . . . .  D  ADDR  00A9H  NOT USED
SADDR_0. . . . . . . . . . . . . . .  D  ADDR  00A9H  NOT USED
SADDR_1. . . . . . . . . . . . . . .  D  ADDR  00AAH  NOT USED
SADEN. . . . . . . . . . . . . . . .  D  ADDR  00B9H  NOT USED
SADEN_0. . . . . . . . . . . . . . .  D  ADDR  00B9H  NOT USED
SADEN_1. . . . . . . . . . . . . . .  D  ADDR  00BAH  NOT USED
SBUF . . . . . . . . . . . . . . . .  D  ADDR  0099H  NOT USED
SCON . . . . . . . . . . . . . . . .  D  ADDR  0098H  NOT USED
SET_TIMER_DELAY. . . . . . . . . . .  C  ADDR  001BH
SINT . . . . . . . . . . . . . . . .  C  ADDR  0023H  NOT USED
SM0. . . . . . . . . . . . . . . . .  B  ADDR  009FH  NOT USED
SM1. . . . . . . . . . . . . . . . .  B  ADDR  009EH  NOT USED
SM2. . . . . . . . . . . . . . . . .  B  ADDR  009DH  NOT USED
SP . . . . . . . . . . . . . . . . .  D  ADDR  0081H  NOT USED
SPCON. . . . . . . . . . . . . . . .  D  ADDR  00C3H  NOT USED
SPCR . . . . . . . . . . . . . . . .  D  ADDR  00D5H  NOT USED
SPDAT. . . . . . . . . . . . . . . .  D  ADDR  00C5H  NOT USED
SPDR . . . . . . . . . . . . . . . .  D  ADDR  0086H  NOT USED
SPSR . . . . . . . . . . . . . . . .  D  ADDR  00AAH  NOT USED
SPSTA. . . . . . . . . . . . . . . .  D  ADDR  00C4H  NOT USED
T0 . . . . . . . . . . . . . . . . .  B  ADDR  00B4H  NOT USED
T1 . . . . . . . . . . . . . . . . .  B  ADDR  00B5H  NOT USED
T2CON. . . . . . . . . . . . . . . .  D  ADDR  00C8H  NOT USED
T2MOD. . . . . . . . . . . . . . . .  D  ADDR  00C9H  NOT USED
TB8. . . . . . . . . . . . . . . . .  B  ADDR  009BH  NOT USED
TCLK . . . . . . . . . . . . . . . .  B  ADDR  00CCH  NOT USED
TCON . . . . . . . . . . . . . . . .  D  ADDR  0088H  NOT USED
TF0. . . . . . . . . . . . . . . . .  B  ADDR  008DH
TF1. . . . . . . . . . . . . . . . .  B  ADDR  008FH  NOT USED
TF2. . . . . . . . . . . . . . . . .  B  ADDR  00CFH  NOT USED
TH0. . . . . . . . . . . . . . . . .  D  ADDR  008CH
TH1. . . . . . . . . . . . . . . . .  D  ADDR  008DH  NOT USED
TH2. . . . . . . . . . . . . . . . .  D  ADDR  00CDH  NOT USED
TI . . . . . . . . . . . . . . . . .  B  ADDR  0099H  NOT USED
TIMER0 . . . . . . . . . . . . . . .  C  ADDR  000BH  NOT USED
TIMER1 . . . . . . . . . . . . . . .  C  ADDR  001BH  NOT USED
TIMER2 . . . . . . . . . . . . . . .  C  ADDR  002BH  NOT USED
TL0. . . . . . . . . . . . . . . . .  D  ADDR  008AH
TL1. . . . . . . . . . . . . . . . .  D  ADDR  008BH
TL2. . . . . . . . . . . . . . . . .  D  ADDR  00CCH  NOT USED
TMOD . . . . . . . . . . . . . . . .  D  ADDR  0089H
TR0. . . . . . . . . . . . . . . . .  B  ADDR  008CH
TR1. . . . . . . . . . . . . . . . .  B  ADDR  008EH
TR2. . . . . . . . . . . . . . . . .  B  ADDR  00CAH  NOT USED
TXD. . . . . . . . . . . . . . . . .  B  ADDR  00B1H  NOT USED
WDTCON . . . . . . . . . . . . . . .  D  ADDR  00A7H  NOT USED
WDTPRG . . . . . . . . . . . . . . .  D  ADDR  00A7H  NOT USED
WDTRST . . . . . . . . . . . . . . .  D  ADDR  00A6H  NOT USED
WR . . . . . . . . . . . . . . . . .  B  ADDR  00B6H  NOT USED