LAB7                                                                                                                    PAGE 1
  0001                   1     stopped SET 1
  0002                   2     opening SET 2
  0003                   3     closing SET 3
  0000                   4     closed SET 0
  00FF                   5     opened SET 255
  0004                   6     moving SET 4
                         7
                         8     ORG 0000h
0000 020021              9             LJMP init
                        10     ORG 0003h                               ; Wektor przerwania INT0
0003 120044             11             lcall object_detected           ; przerwanie z portu 3 bit 2 - przeszkoda
0006 12001A             12             lcall reload_T0
0009 32                 13             RETI
                        14     ORG 000Bh                               ; Wektor przerwania T0
000B 12006E             15             lcall check_status              ; Obsłużenie przerwania od T0
000E 12001A             16             lcall reload_T0
0011 32                 17             RETI
                        18     ORG 0013h                               ; Wektor przerwania INT1
0013 12004B             19             lcall change_status             ; przerwanie z portu 3 bit 3 - inerakcja z przyciskiem
0016 12001A             20             lcall reload_T0
0019 32                 21             RETI
                        22
                        23     reload_T0:
001A 758AA2             24             MOV TL0, #0A2h                  ; | Zresetowanie wartości timera
001D 758CFF             25             MOV TH0, #0FFh                  ; |
0020 22                 26             RET
                        27
                        28     init:
0021 75A800             29             MOV IE, #0h                     ; Wyłączenie wszystkich przerwań
0024 C28C               30             CLR TR0                         ; Zatrzymanie timera T0
0026 C28D               31             CLR TF0                         ; Wyzerowanie flagi przepełnienia
0028 758901             32             MOV TMOD, #01h                  ; Inicjalizacja timera T0
002B 12001A             33             lcall reload_T0                 ; Ustawienie wartości timera CHANGE
002E 75B805             34             MOV IP, #5h                     ; Ustawienie priorytetu przerwań
0031 75A887             35             MOV IE, #87h                    ; Odblokuj przerwania timera T0 i klawiatury
0034 903000             36             MOV DPTR, #3000h                ; Ustaw indeks początkowy
0037 E4                 37             CLR A                           ; Wyzerowanie akumulatora
0038 78FF               38             MOV R0, #opened
003A 7903               39             MOV R1, #closing
003C 7F00               40             MOV R7, #0h
003E D28C               41             SETB TR0                        ; Uruchomienie odliczania
0040 D289               42             SETB IE0                        ; Uruchomienie przerwań od klawiatury
                        43
0042 80FE               44     main:   sjmp main                       ; Nieskończona pętla (czeka na przerwanie)
                        45
                        46     object_detected:
0044 B90303             47             CJNE R1, #closing, detector_fail
0047 7801               48             MOV R0, #stopped
0049 22                 49             RET
                        50     detector_fail:
004A 22                 51             RET
                        52
                        53     change_status:
004B B8FF03             54             CJNE R0, #opened, not_opened
004E 020069             55             ljmp change_status_to_closing
                        56
                        57     not_opened:
0051 B80003             58             CJNE R0, #closed, not_closed
0054 020064             59             ljmp change_status_to_opening
                        60     not_closed:
0057 B80107             61             CJNE R0, #stopped, change_status_to_stopped
005A B90207             62             CJNE R1, #opening, change_status_to_opening
005D 120069             63             lcall change_status_to_closing
0060 22                 64             RET
                        65
                        66     change_status_to_stopped:
0061 7801               67             MOV R0, #stopped
0063 22                 68             RET
                        69
                        70     change_status_to_opening:
0064 7902               71             MOV R1, #opening
0066 7804               72             MOV R0, #moving
0068 22                 73             RET
                        74     change_status_to_closing:
0069 7903               75             MOV R1, #closing
006B 7804               76             MOV R0, #moving
006D 22                 77             RET
                        78
                        79     check_status:
006E B80404             80             CJNE R0, #moving, one_of_stop_statuses          ; sprawdzenie czy brama się porusza
0071 12007A             81             lcall change_LED_status
0074 22                 82             RET
                        83
                        84
                        85     one_of_stop_statuses:
0075 B80101             86             CJNE R0, #stopped, closed_or_opened             ; sprawdzenie czy brama zatrzymana
0078 22                 87             RET
                        88
                        89     closed_or_opened:
0079 22                 90             RET
                        91
                        92     change_LED_status:
007A B9020C             93             CJNE R1, #opening, LED_closing
007D 1F                 94             DEC R7
007E EF                 95             MOV A, R7
007F 93                 96             MOVC A, @A+DPTR
0080 F5A0               97             MOV P2, A
0082 B4FF10             98             CJNE A, #255, return
0085 78FF               99             MOV R0, #opened
0087 E4                100             CLR A
0088 22                101             RET
                       102
                       103     LED_closing:
0089 0F                104             INC R7
008A EF                105             MOV A, R7
008B 93                106             MOVC A, @A+DPTR
008C F5A0              107             MOV P2, A
008E B40004            108             CJNE A, #0, return
0091 7800              109             MOV R0, #closed
0093 E4                110             CLR A
0094 22                111             RET
                       112     return:
0095 22                113             RET
                       114     ORG 3000h ; Tablica zawierająca kolejne stany bramy (diod LED)
3000 FF                115             DB 11111111b ; otwarta
3001 7F                116             DB 01111111b
3002 3F                117             DB 00111111b
3003 1F                118             DB 00011111b
3004 0F                119             DB 00001111b
3005 07                120             DB 00000111b
3006 03                121             DB 00000011b
3007 01                122             DB 00000001b
3008 00                123             DB 00000000b ; zamknięta
                       124     END
ASSEMBLY COMPLETE, NO ERRORS FOUND, NO WARNINGS


SYMBOL TABLE:
??MCU_8051_IDE . . . . . . . . . . .  N  NUMB  8051H  NOT USED
??VERSION. . . . . . . . . . . . . .  N  NUMB  0149H  NOT USED
AC . . . . . . . . . . . . . . . . .  B  ADDR  00D6H  NOT USED
ACC. . . . . . . . . . . . . . . . .  D  ADDR  00E0H  NOT USED
ACSR . . . . . . . . . . . . . . . .  D  ADDR  0097H  NOT USED
ADCF . . . . . . . . . . . . . . . .  D  ADDR  00F6H  NOT USED
ADCLK. . . . . . . . . . . . . . . .  D  ADDR  00F2H  NOT USED
ADCON. . . . . . . . . . . . . . . .  D  ADDR  00F3H  NOT USED
ADDH . . . . . . . . . . . . . . . .  D  ADDR  00F5H  NOT USED
ADDL . . . . . . . . . . . . . . . .  D  ADDR  00F4H  NOT USED
AUXR . . . . . . . . . . . . . . . .  D  ADDR  008EH  NOT USED
AUXR1. . . . . . . . . . . . . . . .  D  ADDR  00A2H  NOT USED
B. . . . . . . . . . . . . . . . . .  D  ADDR  00F0H  NOT USED
BDRCON . . . . . . . . . . . . . . .  D  ADDR  009BH  NOT USED
BDRCON_1 . . . . . . . . . . . . . .  D  ADDR  009CH  NOT USED
BRL. . . . . . . . . . . . . . . . .  D  ADDR  009AH  NOT USED
CCAP0H . . . . . . . . . . . . . . .  D  ADDR  00FAH  NOT USED
CCAP0L . . . . . . . . . . . . . . .  D  ADDR  00EAH  NOT USED
CCAP1H . . . . . . . . . . . . . . .  D  ADDR  00FBH  NOT USED
CCAP1L . . . . . . . . . . . . . . .  D  ADDR  00EBH  NOT USED
CCAP2H . . . . . . . . . . . . . . .  D  ADDR  00FCH  NOT USED
CCAP3H . . . . . . . . . . . . . . .  D  ADDR  00FDH  NOT USED
CCAP4H . . . . . . . . . . . . . . .  D  ADDR  00FEH  NOT USED
CCAPL2H. . . . . . . . . . . . . . .  D  ADDR  00FCH  NOT USED
CCAPL2L. . . . . . . . . . . . . . .  D  ADDR  00ECH  NOT USED
CCAPL3H. . . . . . . . . . . . . . .  D  ADDR  00FDH  NOT USED
CCAPL3L. . . . . . . . . . . . . . .  D  ADDR  00EDH  NOT USED
CCAPL4H. . . . . . . . . . . . . . .  D  ADDR  00FEH  NOT USED
CCAPL4L. . . . . . . . . . . . . . .  D  ADDR  00EEH  NOT USED
CCAPM0 . . . . . . . . . . . . . . .  D  ADDR  00DAH  NOT USED
CCAPM1 . . . . . . . . . . . . . . .  D  ADDR  00DBH  NOT USED
CCAPM2 . . . . . . . . . . . . . . .  D  ADDR  00DCH  NOT USED
CCAPM3 . . . . . . . . . . . . . . .  D  ADDR  00DDH  NOT USED
CCAPM4 . . . . . . . . . . . . . . .  D  ADDR  00DEH  NOT USED
CCF0 . . . . . . . . . . . . . . . .  B  ADDR  00D8H  NOT USED
CCF1 . . . . . . . . . . . . . . . .  B  ADDR  00D9H  NOT USED
CCF2 . . . . . . . . . . . . . . . .  B  ADDR  00DAH  NOT USED
CCF3 . . . . . . . . . . . . . . . .  B  ADDR  00DBH  NOT USED
CCF4 . . . . . . . . . . . . . . . .  B  ADDR  00DCH  NOT USED
CCON . . . . . . . . . . . . . . . .  D  ADDR  00D8H  NOT USED
CFINT. . . . . . . . . . . . . . . .  C  ADDR  0033H  NOT USED
CH . . . . . . . . . . . . . . . . .  D  ADDR  00F9H  NOT USED
CHANGE_LED_STATUS. . . . . . . . . .  C  ADDR  007AH
CHANGE_STATUS. . . . . . . . . . . .  C  ADDR  004BH
CHANGE_STATUS_TO_CLOSING . . . . . .  C  ADDR  0069H
CHANGE_STATUS_TO_OPENING . . . . . .  C  ADDR  0064H
CHANGE_STATUS_TO_STOPPED . . . . . .  C  ADDR  0061H
CHECK_STATUS . . . . . . . . . . . .  C  ADDR  006EH
CKCON. . . . . . . . . . . . . . . .  D  ADDR  008FH  NOT USED
CKCON0 . . . . . . . . . . . . . . .  D  ADDR  008FH  NOT USED
CKRL . . . . . . . . . . . . . . . .  D  ADDR  0097H  NOT USED
CKSEL. . . . . . . . . . . . . . . .  D  ADDR  0085H  NOT USED
CL . . . . . . . . . . . . . . . . .  D  ADDR  00E9H  NOT USED
CLKREG . . . . . . . . . . . . . . .  D  ADDR  008FH  NOT USED
CLOSED . . . . . . . . . . . . . . .     NUMB  0000H            REDEFINABLE
CLOSED_OR_OPENED . . . . . . . . . .  C  ADDR  0079H
CLOSING. . . . . . . . . . . . . . .     NUMB  0003H            REDEFINABLE
CMOD . . . . . . . . . . . . . . . .  D  ADDR  00D9H  NOT USED
CPRL2. . . . . . . . . . . . . . . .  B  ADDR  00C8H  NOT USED
CR . . . . . . . . . . . . . . . . .  B  ADDR  00DEH  NOT USED
CT2. . . . . . . . . . . . . . . . .  B  ADDR  00C9H  NOT USED
CY . . . . . . . . . . . . . . . . .  B  ADDR  00D7H  NOT USED
DETECTOR_FAIL. . . . . . . . . . . .  C  ADDR  004AH
DP0H . . . . . . . . . . . . . . . .  D  ADDR  0083H  NOT USED
DP0L . . . . . . . . . . . . . . . .  D  ADDR  0082H  NOT USED
DP1H . . . . . . . . . . . . . . . .  D  ADDR  0085H  NOT USED
DP1L . . . . . . . . . . . . . . . .  D  ADDR  0084H  NOT USED
DPH. . . . . . . . . . . . . . . . .  D  ADDR  0083H  NOT USED
DPL. . . . . . . . . . . . . . . . .  D  ADDR  0082H  NOT USED
EA . . . . . . . . . . . . . . . . .  B  ADDR  00AFH  NOT USED
EC . . . . . . . . . . . . . . . . .  B  ADDR  00AEH  NOT USED
EECON. . . . . . . . . . . . . . . .  D  ADDR  0096H  NOT USED
ES . . . . . . . . . . . . . . . . .  B  ADDR  00ACH  NOT USED
ET0. . . . . . . . . . . . . . . . .  B  ADDR  00A9H  NOT USED
ET1. . . . . . . . . . . . . . . . .  B  ADDR  00ABH  NOT USED
ET2. . . . . . . . . . . . . . . . .  B  ADDR  00ADH  NOT USED
EX0. . . . . . . . . . . . . . . . .  B  ADDR  00A8H  NOT USED
EX1. . . . . . . . . . . . . . . . .  B  ADDR  00AAH  NOT USED
EXEN2. . . . . . . . . . . . . . . .  B  ADDR  00CBH  NOT USED
EXF2 . . . . . . . . . . . . . . . .  B  ADDR  00CEH  NOT USED
EXTI0. . . . . . . . . . . . . . . .  C  ADDR  0003H  NOT USED
EXTI1. . . . . . . . . . . . . . . .  C  ADDR  0013H  NOT USED
F0 . . . . . . . . . . . . . . . . .  B  ADDR  00D5H  NOT USED
FE . . . . . . . . . . . . . . . . .  B  ADDR  009FH  NOT USED
IE . . . . . . . . . . . . . . . . .  D  ADDR  00A8H
IE0. . . . . . . . . . . . . . . . .  B  ADDR  0089H
IE1. . . . . . . . . . . . . . . . .  B  ADDR  008BH  NOT USED
INIT . . . . . . . . . . . . . . . .  C  ADDR  0021H
INT0 . . . . . . . . . . . . . . . .  B  ADDR  00B2H  NOT USED
INT1 . . . . . . . . . . . . . . . .  B  ADDR  00B3H  NOT USED
IP . . . . . . . . . . . . . . . . .  D  ADDR  00B8H
IPH. . . . . . . . . . . . . . . . .  D  ADDR  00B7H  NOT USED
IPH0 . . . . . . . . . . . . . . . .  D  ADDR  00B7H  NOT USED
IPH1 . . . . . . . . . . . . . . . .  D  ADDR  00B3H  NOT USED
IPL0 . . . . . . . . . . . . . . . .  D  ADDR  00B8H  NOT USED
IPL1 . . . . . . . . . . . . . . . .  D  ADDR  00B2H  NOT USED
IT0. . . . . . . . . . . . . . . . .  B  ADDR  0088H  NOT USED
IT1. . . . . . . . . . . . . . . . .  B  ADDR  008AH  NOT USED
KBE. . . . . . . . . . . . . . . . .  D  ADDR  009DH  NOT USED
KBF. . . . . . . . . . . . . . . . .  D  ADDR  009EH  NOT USED
KBLS . . . . . . . . . . . . . . . .  D  ADDR  009CH  NOT USED
LED_CLOSING. . . . . . . . . . . . .  C  ADDR  0089H
MAIN . . . . . . . . . . . . . . . .  C  ADDR  0042H
MOVING . . . . . . . . . . . . . . .     NUMB  0004H            REDEFINABLE
NOT_CLOSED . . . . . . . . . . . . .  C  ADDR  0057H
NOT_OPENED . . . . . . . . . . . . .  C  ADDR  0051H
OBJECT_DETECTED. . . . . . . . . . .  C  ADDR  0044H
ONE_OF_STOP_STATUSES . . . . . . . .  C  ADDR  0075H
OPENED . . . . . . . . . . . . . . .     NUMB  00FFH            REDEFINABLE
OPENING. . . . . . . . . . . . . . .     NUMB  0002H            REDEFINABLE
OSCCON . . . . . . . . . . . . . . .  D  ADDR  0086H  NOT USED
OV . . . . . . . . . . . . . . . . .  B  ADDR  00D2H  NOT USED
P. . . . . . . . . . . . . . . . . .  B  ADDR  00D0H  NOT USED
P0 . . . . . . . . . . . . . . . . .  D  ADDR  0080H  NOT USED
P1 . . . . . . . . . . . . . . . . .  D  ADDR  0090H  NOT USED
P1M1 . . . . . . . . . . . . . . . .  D  ADDR  00D4H  NOT USED
P1M2 . . . . . . . . . . . . . . . .  D  ADDR  00E2H  NOT USED
P2 . . . . . . . . . . . . . . . . .  D  ADDR  00A0H
P3 . . . . . . . . . . . . . . . . .  D  ADDR  00B0H  NOT USED
P3M1 . . . . . . . . . . . . . . . .  D  ADDR  00D5H  NOT USED
P3M2 . . . . . . . . . . . . . . . .  D  ADDR  00E3H  NOT USED
P4 . . . . . . . . . . . . . . . . .  D  ADDR  00C0H  NOT USED
P4M1 . . . . . . . . . . . . . . . .  D  ADDR  00D6H  NOT USED
P4M2 . . . . . . . . . . . . . . . .  D  ADDR  00E4H  NOT USED
P5 . . . . . . . . . . . . . . . . .  D  ADDR  00E8H  NOT USED
PC . . . . . . . . . . . . . . . . .  B  ADDR  00BEH  NOT USED
PCON . . . . . . . . . . . . . . . .  D  ADDR  0087H  NOT USED
PPCL . . . . . . . . . . . . . . . .  B  ADDR  00BEH  NOT USED
PS . . . . . . . . . . . . . . . . .  B  ADDR  00BCH  NOT USED
PSL. . . . . . . . . . . . . . . . .  B  ADDR  00BCH  NOT USED
PSW. . . . . . . . . . . . . . . . .  D  ADDR  00D0H  NOT USED
PT0. . . . . . . . . . . . . . . . .  B  ADDR  00B9H  NOT USED
PT0L . . . . . . . . . . . . . . . .  B  ADDR  00B9H  NOT USED
PT1. . . . . . . . . . . . . . . . .  B  ADDR  00BBH  NOT USED
PT1L . . . . . . . . . . . . . . . .  B  ADDR  00BBH  NOT USED
PT2. . . . . . . . . . . . . . . . .  B  ADDR  00BDH  NOT USED
PT2L . . . . . . . . . . . . . . . .  B  ADDR  00BDH  NOT USED
PX0. . . . . . . . . . . . . . . . .  B  ADDR  00B8H  NOT USED
PX0L . . . . . . . . . . . . . . . .  B  ADDR  00B8H  NOT USED
PX1. . . . . . . . . . . . . . . . .  B  ADDR  00BAH  NOT USED
PX1L . . . . . . . . . . . . . . . .  B  ADDR  00BAH  NOT USED
RB8. . . . . . . . . . . . . . . . .  B  ADDR  009AH  NOT USED
RCAP2H . . . . . . . . . . . . . . .  D  ADDR  00CBH  NOT USED
RCAP2L . . . . . . . . . . . . . . .  D  ADDR  00CAH  NOT USED
RCLK . . . . . . . . . . . . . . . .  B  ADDR  00CDH  NOT USED
RD . . . . . . . . . . . . . . . . .  B  ADDR  00B7H  NOT USED
RELOAD_T0. . . . . . . . . . . . . .  C  ADDR  001AH
REN. . . . . . . . . . . . . . . . .  B  ADDR  009CH  NOT USED
RESET. . . . . . . . . . . . . . . .  C  ADDR  0000H  NOT USED
RETURN . . . . . . . . . . . . . . .  C  ADDR  0095H
RI . . . . . . . . . . . . . . . . .  B  ADDR  0098H  NOT USED
RS0. . . . . . . . . . . . . . . . .  B  ADDR  00D3H  NOT USED
RS1. . . . . . . . . . . . . . . . .  B  ADDR  00D4H  NOT USED
RXD. . . . . . . . . . . . . . . . .  B  ADDR  00B0H  NOT USED
SADDR. . . . . . . . . . . . . . . .  D  ADDR  00A9H  NOT USED
SADDR_0. . . . . . . . . . . . . . .  D  ADDR  00A9H  NOT USED
SADDR_1. . . . . . . . . . . . . . .  D  ADDR  00AAH  NOT USED
SADEN. . . . . . . . . . . . . . . .  D  ADDR  00B9H  NOT USED
SADEN_0. . . . . . . . . . . . . . .  D  ADDR  00B9H  NOT USED
SADEN_1. . . . . . . . . . . . . . .  D  ADDR  00BAH  NOT USED
SBUF . . . . . . . . . . . . . . . .  D  ADDR  0099H  NOT USED
SCON . . . . . . . . . . . . . . . .  D  ADDR  0098H  NOT USED
SINT . . . . . . . . . . . . . . . .  C  ADDR  0023H  NOT USED
SM0. . . . . . . . . . . . . . . . .  B  ADDR  009FH  NOT USED
SM1. . . . . . . . . . . . . . . . .  B  ADDR  009EH  NOT USED
SM2. . . . . . . . . . . . . . . . .  B  ADDR  009DH  NOT USED
SP . . . . . . . . . . . . . . . . .  D  ADDR  0081H  NOT USED
SPCON. . . . . . . . . . . . . . . .  D  ADDR  00C3H  NOT USED
SPCR . . . . . . . . . . . . . . . .  D  ADDR  00D5H  NOT USED
SPDAT. . . . . . . . . . . . . . . .  D  ADDR  00C5H  NOT USED
SPDR . . . . . . . . . . . . . . . .  D  ADDR  0086H  NOT USED
SPSR . . . . . . . . . . . . . . . .  D  ADDR  00AAH  NOT USED
SPSTA. . . . . . . . . . . . . . . .  D  ADDR  00C4H  NOT USED
STOPPED. . . . . . . . . . . . . . .     NUMB  0001H            REDEFINABLE
T0 . . . . . . . . . . . . . . . . .  B  ADDR  00B4H  NOT USED
T1 . . . . . . . . . . . . . . . . .  B  ADDR  00B5H  NOT USED
T2CON. . . . . . . . . . . . . . . .  D  ADDR  00C8H  NOT USED
T2MOD. . . . . . . . . . . . . . . .  D  ADDR  00C9H  NOT USED
TB8. . . . . . . . . . . . . . . . .  B  ADDR  009BH  NOT USED
TCLK . . . . . . . . . . . . . . . .  B  ADDR  00CCH  NOT USED
TCON . . . . . . . . . . . . . . . .  D  ADDR  0088H  NOT USED
TF0. . . . . . . . . . . . . . . . .  B  ADDR  008DH
TF1. . . . . . . . . . . . . . . . .  B  ADDR  008FH  NOT USED
TF2. . . . . . . . . . . . . . . . .  B  ADDR  00CFH  NOT USED
TH0. . . . . . . . . . . . . . . . .  D  ADDR  008CH
TH1. . . . . . . . . . . . . . . . .  D  ADDR  008DH  NOT USED
TH2. . . . . . . . . . . . . . . . .  D  ADDR  00CDH  NOT USED
TI . . . . . . . . . . . . . . . . .  B  ADDR  0099H  NOT USED
TIMER0 . . . . . . . . . . . . . . .  C  ADDR  000BH  NOT USED
TIMER1 . . . . . . . . . . . . . . .  C  ADDR  001BH  NOT USED
TIMER2 . . . . . . . . . . . . . . .  C  ADDR  002BH  NOT USED
TL0. . . . . . . . . . . . . . . . .  D  ADDR  008AH
TL1. . . . . . . . . . . . . . . . .  D  ADDR  008BH  NOT USED
TL2. . . . . . . . . . . . . . . . .  D  ADDR  00CCH  NOT USED
TMOD . . . . . . . . . . . . . . . .  D  ADDR  0089H
TR0. . . . . . . . . . . . . . . . .  B  ADDR  008CH
TR1. . . . . . . . . . . . . . . . .  B  ADDR  008EH  NOT USED
TR2. . . . . . . . . . . . . . . . .  B  ADDR  00CAH  NOT USED
TXD. . . . . . . . . . . . . . . . .  B  ADDR  00B1H  NOT USED
WDTCON . . . . . . . . . . . . . . .  D  ADDR  00A7H  NOT USED
WDTPRG . . . . . . . . . . . . . . .  D  ADDR  00A7H  NOT USED
WDTRST . . . . . . . . . . . . . . .  D  ADDR  00A6H  NOT USED
WR . . . . . . . . . . . . . . . . .  B  ADDR  00B6H  NOT USED